INFO - 2020-01-09 19:27:18 --> Config Class Initialized
INFO - 2020-01-09 19:27:18 --> Hooks Class Initialized
DEBUG - 2020-01-09 19:27:18 --> UTF-8 Support Enabled
INFO - 2020-01-09 19:27:18 --> Utf8 Class Initialized
INFO - 2020-01-09 19:27:18 --> URI Class Initialized
DEBUG - 2020-01-09 19:27:18 --> No URI present. Default controller set.
INFO - 2020-01-09 19:27:18 --> Router Class Initialized
INFO - 2020-01-09 19:27:18 --> Output Class Initialized
INFO - 2020-01-09 19:27:18 --> Security Class Initialized
DEBUG - 2020-01-09 19:27:18 --> Global POST, GET and COOKIE data sanitized
INFO - 2020-01-09 19:27:18 --> Input Class Initialized
INFO - 2020-01-09 19:27:18 --> Language Class Initialized
INFO - 2020-01-09 19:27:18 --> Loader Class Initialized
INFO - 2020-01-09 19:27:18 --> Controller Class Initialized
ERROR - 2020-01-09 19:27:18 --> Severity: error --> Exception: Class 'mysqli' not found Z:\first_web\application\models\home_model.php 41
INFO - 2020-01-09 19:27:49 --> Config Class Initialized
INFO - 2020-01-09 19:27:49 --> Hooks Class Initialized
DEBUG - 2020-01-09 19:27:49 --> UTF-8 Support Enabled
INFO - 2020-01-09 19:27:49 --> Utf8 Class Initialized
INFO - 2020-01-09 19:27:49 --> URI Class Initialized
DEBUG - 2020-01-09 19:27:49 --> No URI present. Default controller set.
INFO - 2020-01-09 19:27:49 --> Router Class Initialized
INFO - 2020-01-09 19:27:49 --> Output Class Initialized
INFO - 2020-01-09 19:27:49 --> Security Class Initialized
DEBUG - 2020-01-09 19:27:49 --> Global POST, GET and COOKIE data sanitized
INFO - 2020-01-09 19:27:49 --> Input Class Initialized
INFO - 2020-01-09 19:27:49 --> Language Class Initialized
INFO - 2020-01-09 19:27:49 --> Loader Class Initialized
INFO - 2020-01-09 19:27:49 --> Controller Class Initialized
ERROR - 2020-01-09 19:27:49 --> Severity: error --> Exception: Class 'mysqli' not found Z:\first_web\application\models\home_model.php 41
INFO - 2020-01-09 19:30:09 --> Config Class Initialized
INFO - 2020-01-09 19:30:09 --> Hooks Class Initialized
DEBUG - 2020-01-09 19:30:09 --> UTF-8 Support Enabled
INFO - 2020-01-09 19:30:09 --> Utf8 Class Initialized
INFO - 2020-01-09 19:30:09 --> URI Class Initialized
DEBUG - 2020-01-09 19:30:09 --> No URI present. Default controller set.
INFO - 2020-01-09 19:30:09 --> Router Class Initialized
INFO - 2020-01-09 19:30:09 --> Output Class Initialized
INFO - 2020-01-09 19:30:09 --> Security Class Initialized
DEBUG - 2020-01-09 19:30:09 --> Global POST, GET and COOKIE data sanitized
INFO - 2020-01-09 19:30:09 --> Input Class Initialized
INFO - 2020-01-09 19:30:09 --> Language Class Initialized
INFO - 2020-01-09 19:30:09 --> Loader Class Initialized
INFO - 2020-01-09 19:30:09 --> Controller Class Initialized
INFO - 2020-01-09 19:30:09 --> File loaded: Z:\first_web\application\views\home_header.php
INFO - 2020-01-09 19:30:09 --> File loaded: Z:\first_web\application\views\home_body.php
INFO - 2020-01-09 19:30:09 --> File loaded: Z:\first_web\application\views\home_inner_footer.php
INFO - 2020-01-09 19:30:09 --> File loaded: Z:\first_web\application\views\home_footer.php
INFO - 2020-01-09 19:30:09 --> Final output sent to browser
DEBUG - 2020-01-09 19:30:09 --> Total execution time: 0.0228
INFO - 2020-01-09 19:30:12 --> Config Class Initialized
INFO - 2020-01-09 19:30:12 --> Hooks Class Initialized
DEBUG - 2020-01-09 19:30:12 --> UTF-8 Support Enabled
INFO - 2020-01-09 19:30:12 --> Utf8 Class Initialized
INFO - 2020-01-09 19:30:12 --> URI Class Initialized
DEBUG - 2020-01-09 19:30:12 --> No URI present. Default controller set.
INFO - 2020-01-09 19:30:12 --> Router Class Initialized
INFO - 2020-01-09 19:30:12 --> Output Class Initialized
INFO - 2020-01-09 19:30:12 --> Security Class Initialized
DEBUG - 2020-01-09 19:30:12 --> Global POST, GET and COOKIE data sanitized
INFO - 2020-01-09 19:30:12 --> Input Class Initialized
INFO - 2020-01-09 19:30:12 --> Language Class Initialized
INFO - 2020-01-09 19:30:12 --> Loader Class Initialized
INFO - 2020-01-09 19:30:12 --> Controller Class Initialized
INFO - 2020-01-09 19:30:12 --> File loaded: Z:\first_web\application\views\home_header.php
INFO - 2020-01-09 19:30:12 --> File loaded: Z:\first_web\application\views\home_body.php
INFO - 2020-01-09 19:30:12 --> File loaded: Z:\first_web\application\views\home_inner_footer.php
INFO - 2020-01-09 19:30:12 --> File loaded: Z:\first_web\application\views\home_footer.php
INFO - 2020-01-09 19:30:12 --> Final output sent to browser
DEBUG - 2020-01-09 19:30:12 --> Total execution time: 0.0184
INFO - 2020-01-09 20:40:40 --> Config Class Initialized
INFO - 2020-01-09 20:40:40 --> Hooks Class Initialized
DEBUG - 2020-01-09 20:40:40 --> UTF-8 Support Enabled
INFO - 2020-01-09 20:40:40 --> Utf8 Class Initialized
INFO - 2020-01-09 20:40:40 --> URI Class Initialized
DEBUG - 2020-01-09 20:40:40 --> No URI present. Default controller set.
INFO - 2020-01-09 20:40:40 --> Router Class Initialized
INFO - 2020-01-09 20:40:40 --> Output Class Initialized
INFO - 2020-01-09 20:40:40 --> Security Class Initialized
DEBUG - 2020-01-09 20:40:40 --> Global POST, GET and COOKIE data sanitized
INFO - 2020-01-09 20:40:40 --> Input Class Initialized
INFO - 2020-01-09 20:40:40 --> Language Class Initialized
INFO - 2020-01-09 20:40:40 --> Loader Class Initialized
INFO - 2020-01-09 20:40:40 --> Controller Class Initialized
INFO - 2020-01-09 20:40:40 --> File loaded: Z:\first_web\application\views\home_header.php
INFO - 2020-01-09 20:40:40 --> File loaded: Z:\first_web\application\views\home_body.php
INFO - 2020-01-09 20:40:40 --> File loaded: Z:\first_web\application\views\home_inner_footer.php
INFO - 2020-01-09 20:40:40 --> File loaded: Z:\first_web\application\views\home_footer.php
INFO - 2020-01-09 20:40:40 --> Final output sent to browser
DEBUG - 2020-01-09 20:40:40 --> Total execution time: 0.0390
INFO - 2020-01-09 22:06:02 --> Config Class Initialized
INFO - 2020-01-09 22:06:02 --> Hooks Class Initialized
DEBUG - 2020-01-09 22:06:02 --> UTF-8 Support Enabled
INFO - 2020-01-09 22:06:02 --> Utf8 Class Initialized
INFO - 2020-01-09 22:06:02 --> URI Class Initialized
DEBUG - 2020-01-09 22:06:02 --> No URI present. Default controller set.
INFO - 2020-01-09 22:06:02 --> Router Class Initialized
INFO - 2020-01-09 22:06:02 --> Output Class Initialized
INFO - 2020-01-09 22:06:02 --> Security Class Initialized
DEBUG - 2020-01-09 22:06:02 --> Global POST, GET and COOKIE data sanitized
INFO - 2020-01-09 22:06:02 --> Input Class Initialized
INFO - 2020-01-09 22:06:02 --> Language Class Initialized
INFO - 2020-01-09 22:06:02 --> Loader Class Initialized
INFO - 2020-01-09 22:06:02 --> Controller Class Initialized
INFO - 2020-01-09 22:06:02 --> File loaded: Z:\first_web\application\views\home_header.php
INFO - 2020-01-09 22:06:02 --> File loaded: Z:\first_web\application\views\home_body.php
INFO - 2020-01-09 22:06:02 --> File loaded: Z:\first_web\application\views\home_inner_footer.php
INFO - 2020-01-09 22:06:02 --> File loaded: Z:\first_web\application\views\home_footer.php
INFO - 2020-01-09 22:06:02 --> Final output sent to browser
DEBUG - 2020-01-09 22:06:02 --> Total execution time: 0.0360
INFO - 2020-01-09 22:15:27 --> Config Class Initialized
INFO - 2020-01-09 22:15:27 --> Hooks Class Initialized
DEBUG - 2020-01-09 22:15:27 --> UTF-8 Support Enabled
INFO - 2020-01-09 22:15:27 --> Utf8 Class Initialized
INFO - 2020-01-09 22:15:27 --> URI Class Initialized
DEBUG - 2020-01-09 22:15:27 --> No URI present. Default controller set.
INFO - 2020-01-09 22:15:27 --> Router Class Initialized
INFO - 2020-01-09 22:15:27 --> Output Class Initialized
INFO - 2020-01-09 22:15:27 --> Security Class Initialized
DEBUG - 2020-01-09 22:15:27 --> Global POST, GET and COOKIE data sanitized
INFO - 2020-01-09 22:15:27 --> Input Class Initialized
INFO - 2020-01-09 22:15:27 --> Language Class Initialized
INFO - 2020-01-09 22:15:27 --> Loader Class Initialized
INFO - 2020-01-09 22:15:27 --> Controller Class Initialized
INFO - 2020-01-09 22:15:27 --> File loaded: Z:\first_web\application\views\home_header.php
INFO - 2020-01-09 22:15:27 --> File loaded: Z:\first_web\application\views\home_body.php
INFO - 2020-01-09 22:15:27 --> File loaded: Z:\first_web\application\views\home_inner_footer.php
INFO - 2020-01-09 22:15:27 --> File loaded: Z:\first_web\application\views\home_footer.php
INFO - 2020-01-09 22:15:27 --> Final output sent to browser
DEBUG - 2020-01-09 22:15:27 --> Total execution time: 0.0328
INFO - 2020-01-09 22:36:31 --> Config Class Initialized
INFO - 2020-01-09 22:36:31 --> Hooks Class Initialized
DEBUG - 2020-01-09 22:36:31 --> UTF-8 Support Enabled
INFO - 2020-01-09 22:36:31 --> Utf8 Class Initialized
INFO - 2020-01-09 22:36:31 --> URI Class Initialized
DEBUG - 2020-01-09 22:36:31 --> No URI present. Default controller set.
INFO - 2020-01-09 22:36:31 --> Router Class Initialized
INFO - 2020-01-09 22:36:31 --> Output Class Initialized
INFO - 2020-01-09 22:36:31 --> Security Class Initialized
DEBUG - 2020-01-09 22:36:31 --> Global POST, GET and COOKIE data sanitized
INFO - 2020-01-09 22:36:31 --> Input Class Initialized
INFO - 2020-01-09 22:36:31 --> Language Class Initialized
INFO - 2020-01-09 22:36:31 --> Loader Class Initialized
INFO - 2020-01-09 22:36:31 --> Controller Class Initialized
INFO - 2020-01-09 22:36:31 --> File loaded: Z:\first_web\application\views\home_header.php
INFO - 2020-01-09 22:36:31 --> File loaded: Z:\first_web\application\views\home_body.php
INFO - 2020-01-09 22:36:31 --> File loaded: Z:\first_web\application\views\home_inner_footer.php
INFO - 2020-01-09 22:36:31 --> File loaded: Z:\first_web\application\views\home_footer.php
INFO - 2020-01-09 22:36:31 --> Final output sent to browser
DEBUG - 2020-01-09 22:36:31 --> Total execution time: 0.0435
INFO - 2020-01-09 22:36:41 --> Config Class Initialized
INFO - 2020-01-09 22:36:41 --> Hooks Class Initialized
DEBUG - 2020-01-09 22:36:41 --> UTF-8 Support Enabled
INFO - 2020-01-09 22:36:41 --> Utf8 Class Initialized
INFO - 2020-01-09 22:36:41 --> URI Class Initialized
DEBUG - 2020-01-09 22:36:41 --> No URI present. Default controller set.
INFO - 2020-01-09 22:36:41 --> Router Class Initialized
INFO - 2020-01-09 22:36:41 --> Output Class Initialized
INFO - 2020-01-09 22:36:41 --> Security Class Initialized
DEBUG - 2020-01-09 22:36:41 --> Global POST, GET and COOKIE data sanitized
INFO - 2020-01-09 22:36:41 --> Input Class Initialized
INFO - 2020-01-09 22:36:41 --> Language Class Initialized
INFO - 2020-01-09 22:36:41 --> Loader Class Initialized
INFO - 2020-01-09 22:36:41 --> Controller Class Initialized
INFO - 2020-01-09 22:36:41 --> File loaded: Z:\first_web\application\views\home_header.php
INFO - 2020-01-09 22:36:41 --> File loaded: Z:\first_web\application\views\home_body.php
INFO - 2020-01-09 22:36:41 --> File loaded: Z:\first_web\application\views\home_inner_footer.php
INFO - 2020-01-09 22:36:41 --> File loaded: Z:\first_web\application\views\home_footer.php
INFO - 2020-01-09 22:36:41 --> Final output sent to browser
DEBUG - 2020-01-09 22:36:41 --> Total execution time: 0.0207
